<?xml version="1.0" encoding="UTF-8"?>
<robot generator="Robot 7.0 (Python 3.12.1 on win32)" generated="2024-05-09T10:42:21.656478" rpa="false" schemaversion="5">
<suite id="s1" name="webRobot" source="D:\VSC\webRobot">
<suite id="s1-s1" name="Tests" source="D:\VSC\webRobot\tests">
<suite id="s1-s1-s1" name="Vkontakte.Run" source="D:\VSC\webRobot\tests\vkontakte.run">
<suite id="s1-s1-s1-s1" name="standart  LOGIN" source="D:\VSC\webRobot\tests\vkontakte.run\standart _LOGIN.robot">
<test id="s1-s1-s1-s1-t1" name="Standart Login Vkontakte" line="14">
<kw name="Precondition: Open Browser And Maximize" owner="web" type="SETUP">
<kw name="Open Browser" owner="SeleniumLibrary">
<msg time="2024-05-09T10:42:21.955156" level="INFO">Opening browser 'chrome' to base url 'https://vk.com/'.</msg>
<arg>url=${site_url}</arg>
<arg>browser=${browser}</arg>
<doc>Opens a new browser instance to the optional ``url``.</doc>
<status status="PASS" start="2024-05-09T10:42:21.954151" elapsed="11.657266"/>
</kw>
<kw name="Maximize Browser Window" owner="SeleniumLibrary">
<doc>Maximizes current browser window.</doc>
<status status="PASS" start="2024-05-09T10:42:33.612416" elapsed="0.255739"/>
</kw>
<arg>site_url=https://vk.com/</arg>
<arg>browser=chrome</arg>
<doc>Предусловие: открыть браузер на весь экран</doc>
<status status="PASS" start="2024-05-09T10:42:21.953153" elapsed="11.916000"/>
</kw>
<kw name="Input Login" owner="vkontakte">
<kw name="Input Text" owner="SeleniumLibrary">
<msg time="2024-05-09T10:42:33.872150" level="INFO">Typing text '79631175953' into text field '//input[@name="login"]'.</msg>
<arg>locator=//input[@name="login"]</arg>
<arg>text=%{LOGIN}</arg>
<doc>Types the given ``text`` into the text field identified by ``locator``.</doc>
<status status="PASS" start="2024-05-09T10:42:33.871151" elapsed="0.330178"/>
</kw>
<status status="PASS" start="2024-05-09T10:42:33.870152" elapsed="0.331177"/>
</kw>
<kw name="Click Btn OK Login" owner="vkontakte">
<kw name="Click Button" owner="SeleniumLibrary">
<msg time="2024-05-09T10:42:34.203326" level="INFO">Clicking button '//button[@type="submit"]'.</msg>
<arg>locator=//button[@type="submit"]</arg>
<doc>Clicks the button identified by ``locator``.</doc>
<status status="PASS" start="2024-05-09T10:42:34.202328" elapsed="0.085906"/>
</kw>
<status status="PASS" start="2024-05-09T10:42:34.202328" elapsed="0.086904"/>
</kw>
<kw name="Click Btn Others" owner="vkontakte">
<kw name="Sleep" owner="BuiltIn">
<msg time="2024-05-09T10:42:39.293597" level="INFO">Slept 5 seconds.</msg>
<arg>time_=5s</arg>
<doc>Pauses the test executed for the given time.</doc>
<status status="PASS" start="2024-05-09T10:42:34.292230" elapsed="5.001367"/>
</kw>
<kw name="Click Button" owner="SeleniumLibrary">
<msg time="2024-05-09T10:42:39.294597" level="INFO">Clicking button '//button[@data-test-id="other-verification-methods"]'.</msg>
<arg>locator=//button[@data-test-id="other-verification-methods"]</arg>
<doc>Clicks the button identified by ``locator``.</doc>
<status status="PASS" start="2024-05-09T10:42:39.294597" elapsed="0.093248"/>
</kw>
<status status="PASS" start="2024-05-09T10:42:34.291231" elapsed="5.096614"/>
</kw>
<kw name="Click Btn Password" owner="vkontakte">
<kw name="Wait Until Element Is Visible" owner="SeleniumLibrary">
<arg>locator=//span[text()="Пароль"]</arg>
<arg>timeout=5s</arg>
<doc>Waits until the element ``locator`` is visible.</doc>
<status status="PASS" start="2024-05-09T10:42:39.391854" elapsed="0.256519"/>
</kw>
<kw name="Click Element" owner="SeleniumLibrary">
<msg time="2024-05-09T10:42:39.649372" level="INFO">Clicking element '//span[text()="Пароль"]'.</msg>
<arg>locator=//span[text()="Пароль"]</arg>
<doc>Click the element identified by ``locator``.</doc>
<status status="PASS" start="2024-05-09T10:42:39.648373" elapsed="0.103887"/>
</kw>
<doc>Вводим пароль</doc>
<status status="PASS" start="2024-05-09T10:42:39.390842" elapsed="0.361418"/>
</kw>
<kw name="Input Password" owner="vkontakte">
<kw name="Wait Until Element Is Visible" owner="SeleniumLibrary">
<arg>locator=//input[@name="password"]</arg>
<arg>timeout=5s</arg>
<doc>Waits until the element ``locator`` is visible.</doc>
<status status="PASS" start="2024-05-09T10:42:39.753259" elapsed="0.034962"/>
</kw>
<kw name="Input Text" owner="SeleniumLibrary">
<msg time="2024-05-09T10:42:39.791218" level="INFO">Typing text '14011990deniska' into text field '//input[@name="password"]'.</msg>
<arg>locator=//input[@name="password"]</arg>
<arg>text=%{PASSWORD}</arg>
<doc>Types the given ``text`` into the text field identified by ``locator``.</doc>
<status status="PASS" start="2024-05-09T10:42:39.788221" elapsed="0.129857"/>
</kw>
<status status="PASS" start="2024-05-09T10:42:39.753259" elapsed="0.164819"/>
</kw>
<kw name="Click Btn OK Password" owner="vkontakte">
<kw name="Sleep" owner="BuiltIn">
<msg time="2024-05-09T10:42:42.920677" level="INFO">Slept 3 seconds.</msg>
<arg>time_=3s</arg>
<doc>Pauses the test executed for the given time.</doc>
<status status="PASS" start="2024-05-09T10:42:39.920076" elapsed="3.000601"/>
</kw>
<kw name="Click Element" owner="SeleniumLibrary">
<msg time="2024-05-09T10:42:42.922677" level="INFO">Clicking element '//span[text()="Продолжить"]'.</msg>
<arg>locator=//span[text()="Продолжить"]</arg>
<doc>Click the element identified by ``locator``.</doc>
<status status="PASS" start="2024-05-09T10:42:42.920677" elapsed="0.071923"/>
</kw>
<status status="PASS" start="2024-05-09T10:42:39.919077" elapsed="3.073523"/>
</kw>
<kw name="Postcondition: Close Browser" owner="web" type="TEARDOWN">
<kw name="Sleep" owner="BuiltIn">
<msg time="2024-05-09T10:42:47.997270" level="INFO">Slept 5 seconds.</msg>
<arg>time_=5s</arg>
<doc>Pauses the test executed for the given time.</doc>
<status status="PASS" start="2024-05-09T10:42:42.996595" elapsed="5.000675"/>
</kw>
<kw name="Close Browser" owner="SeleniumLibrary">
<doc>Closes the current browser.</doc>
<status status="PASS" start="2024-05-09T10:42:47.997270" elapsed="3.352170"/>
</kw>
<doc>Закрыть браузер</doc>
<status status="PASS" start="2024-05-09T10:42:42.995597" elapsed="8.353843"/>
</kw>
<doc>Авторизоваться на сайте вконтакте</doc>
<timeout value="1 minute"/>
<status status="PASS" start="2024-05-09T10:42:21.951156" elapsed="29.403279"/>
</test>
<status status="PASS" start="2024-05-09T10:42:21.695435" elapsed="29.661997"/>
</suite>
<status status="PASS" start="2024-05-09T10:42:21.692439" elapsed="29.668988"/>
</suite>
<status status="PASS" start="2024-05-09T10:42:21.689441" elapsed="29.673984"/>
</suite>
<status status="PASS" start="2024-05-09T10:42:21.661472" elapsed="29.703951"/>
</suite>
<statistics>
<total>
<stat pass="1" fail="0" skip="0">All Tests</stat>
</total>
<tag>
</tag>
<suite>
<stat pass="1" fail="0" skip="0" id="s1" name="webRobot">webRobot</stat>
<stat pass="1" fail="0" skip="0" id="s1-s1" name="Tests">webRobot.Tests</stat>
<stat pass="1" fail="0" skip="0" id="s1-s1-s1" name="Vkontakte.Run">webRobot.Tests.Vkontakte.Run</stat>
<stat pass="1" fail="0" skip="0" id="s1-s1-s1-s1" name="standart  LOGIN">webRobot.Tests.Vkontakte.Run.standart  LOGIN</stat>
</suite>
</statistics>
<errors>
</errors>
</robot>
